2022-08-16 16:28:55,329 [ 1] INFO  Unity: LoadingManager start
2022-08-16 16:28:58,451 [ 1] INFO  Unity: DataManager > DataManager()
2022-08-16 16:29:13,784 [ 1] INFO  Unity: UserLoginRequest::user :user234 psw:234234
2022-08-16 16:29:13,786 [ 1] INFO  Unity: ConnectToServer() Start 
2022-08-16 16:29:13,787 [ 1] INFO  Unity: DoConnect
2022-08-16 16:29:13,789 [ 1] INFO  Unity: NetClient.DoConnect on 127.0.0.1:8000
2022-08-16 16:29:13,791 [ 1] INFO  Unity: Connect[0] to server 127.0.0.1:8000

2022-08-16 16:29:13,795 [ 1] INFO  Unity: LoadingMesager::OnGameServerConnect :0 reason:Success
2022-08-16 16:29:13,929 [ 1] INFO  Unity: OnUserLogin:Success [None]
2022-08-16 16:29:13,931 [ 1] INFO  Unity: LoadLevel: CharSelect
2022-08-16 16:29:14,243 [ 1] INFO  Unity: LevelLoadCompleted:1
2022-08-16 16:29:15,150 [ 1] INFO  Unity: Select Char:[1]234234[Wizard]
2022-08-16 16:29:15,675 [ 1] INFO  Unity: UserGameEnterRequest::characterId:0
2022-08-16 16:29:15,716 [ 1] INFO  Unity: OnGameEnter:Success [None]
2022-08-16 16:29:15,718 [ 1] INFO  Unity: ItemManager:Init[ID:1, Count:203]
2022-08-16 16:29:15,719 [ 1] INFO  Unity: ItemManager:Init[ID:2, Count:101]
2022-08-16 16:29:15,720 [ 1] INFO  Unity: ItemManager:Init[ID:3, Count:30]
2022-08-16 16:29:15,721 [ 1] INFO  Unity: ItemManager:Init[ID:4, Count:122]
2022-08-16 16:29:15,722 [ 1] INFO  Unity: ItemManager:Init[ID:5, Count:2]
2022-08-16 16:29:15,724 [ 1] INFO  Unity: ItemManager:Init[ID:6, Count:3]
2022-08-16 16:29:15,725 [ 1] INFO  Unity: ItemManager:Init[ID:7, Count:1]
2022-08-16 16:29:15,730 [ 1] INFO  Unity: OnMapCharacterEnter:1 Count:1
2022-08-16 16:29:15,732 [ 1] INFO  Unity: AddCharacter:2:234234 Map:1 Entity:(2:pos:(5000,4000,820),dir:(100,0,0),spd:0
2022-08-16 16:29:15,736 [ 1] INFO  Unity: LoadLevel: MainCity
2022-08-16 16:29:16,373 [ 1] WARN  Unity: No mesh data available for mesh Sphere001 on particle system fx_portal. Make sure Read/Write Enabled is set in the importer to work on the particle system renderer

2022-08-16 16:29:16,374 [ 1] WARN  Unity: No mesh data available for mesh Sphere001 on particle system fx_portal. Make sure Read/Write Enabled is set in the importer to work on the particle system renderer

2022-08-16 16:29:16,480 [ 1] WARN  Unity: MainPlayerCamera[198578] Awake
UnityEngine.Debug:LogWarningFormat(String, Object[])
MonoSingleton`1:Awake() (at Assets/Scripts/Utilities/MonoSingleton.cs:23)

2022-08-16 16:29:16,481 [ 1] WARN  Unity: UIMain[199166] Awake
UnityEngine.Debug:LogWarningFormat(String, Object[])
MonoSingleton`1:Awake() (at Assets/Scripts/Utilities/MonoSingleton.cs:23)

2022-08-16 16:29:16,482 [ 1] WARN  Unity: GameObjectManager[200202] Awake
UnityEngine.Debug:LogWarningFormat(String, Object[])
MonoSingleton`1:Awake() (at Assets/Scripts/Utilities/MonoSingleton.cs:23)

2022-08-16 16:29:16,499 [ 1] WARN  Unity: UIWorldElementManager[200242] Awake
UnityEngine.Debug:LogWarningFormat(String, Object[])
MonoSingleton`1:Awake() (at Assets/Scripts/Utilities/MonoSingleton.cs:23)

2022-08-16 16:29:16,535 [ 1] INFO  Unity: LevelLoadCompleted:1
2022-08-16 16:29:28,497 [ 1] INFO  Unity: SetDirection:(98, 18, 0)
2022-08-16 16:29:28,498 [ 1] INFO  Unity: MapEntityUpdateRequest : ID:2 POS:SkillBridge.Message.NVector3 DIR:SkillBridge.Message.NVector3 SPD:0
2022-08-16 16:29:28,597 [ 1] INFO  Unity: SetDirection:(93, 36, 0)
2022-08-16 16:29:28,598 [ 1] INFO  Unity: MapEntityUpdateRequest : ID:2 POS:SkillBridge.Message.NVector3 DIR:SkillBridge.Message.NVector3 SPD:0
2022-08-16 16:29:28,698 [ 1] INFO  Unity: SetDirection:(84, 55, 0)
2022-08-16 16:29:28,699 [ 1] INFO  Unity: MapEntityUpdateRequest : ID:2 POS:SkillBridge.Message.NVector3 DIR:SkillBridge.Message.NVector3 SPD:0
2022-08-16 16:29:28,799 [ 1] INFO  Unity: SetDirection:(71, 71, 0)
2022-08-16 16:29:28,800 [ 1] INFO  Unity: MapEntityUpdateRequest : ID:2 POS:SkillBridge.Message.NVector3 DIR:SkillBridge.Message.NVector3 SPD:0
2022-08-16 16:29:28,884 [ 1] INFO  Unity: SetDirection:(57, 82, 0)
2022-08-16 16:29:28,884 [ 1] INFO  Unity: MapEntityUpdateRequest : ID:2 POS:SkillBridge.Message.NVector3 DIR:SkillBridge.Message.NVector3 SPD:0
2022-08-16 16:29:28,985 [ 1] INFO  Unity: SetDirection:(39, 92, 0)
2022-08-16 16:29:28,986 [ 1] INFO  Unity: MapEntityUpdateRequest : ID:2 POS:SkillBridge.Message.NVector3 DIR:SkillBridge.Message.NVector3 SPD:0
2022-08-16 16:29:29,035 [ 1] INFO  Unity: MoveForward
2022-08-16 16:29:29,036 [ 1] INFO  Unity: MapEntityUpdateRequest : ID:2 POS:SkillBridge.Message.NVector3 DIR:SkillBridge.Message.NVector3 SPD:300
2022-08-16 16:29:29,069 [ 1] INFO  Unity: SetDirection:(22, 97, 0)
2022-08-16 16:29:29,069 [ 1] INFO  Unity: MapEntityUpdateRequest : ID:2 POS:SkillBridge.Message.NVector3 DIR:SkillBridge.Message.NVector3 SPD:300
2022-08-16 16:29:29,170 [ 1] INFO  Unity: SetDirection:(3, 100, 0)
2022-08-16 16:29:29,170 [ 1] INFO  Unity: MapEntityUpdateRequest : ID:2 POS:SkillBridge.Message.NVector3 DIR:SkillBridge.Message.NVector3 SPD:300
2022-08-16 16:29:29,304 [ 1] INFO  Unity: SetDirection:(-15, 99, 0)
2022-08-16 16:29:29,305 [ 1] INFO  Unity: MapEntityUpdateRequest : ID:2 POS:SkillBridge.Message.NVector3 DIR:SkillBridge.Message.NVector3 SPD:300
2022-08-16 16:29:29,692 [ 1] INFO  Unity: Stop
2022-08-16 16:29:29,693 [ 1] INFO  Unity: MapEntityUpdateRequest : ID:2 POS:SkillBridge.Message.NVector3 DIR:SkillBridge.Message.NVector3 SPD:0
2022-08-16 17:49:55,544 [ 1] INFO  Unity: ProcessReceive exception:System.Net.Sockets.SocketException: 远程主机强迫关闭了一个现有的连接。

  at System.Net.Sockets.Socket.Receive (System.Byte[] buffer, Int32 offset, Int32 size, SocketFlags flags) [0x00000] in <filename unknown>:0 
  at Network.NetClient.ProcessRecv () [0x00084] in C:\Users\User\Desktop\myMMO\Src\Client\Assets\Scripts\Network\NetClient.cs:336 

2022-08-16 17:49:55,555 [ 1] WARN  Unity: CloseConnection(), errorCode: 1001
UnityEngine.Debug:LogWarning(Object)
Network.NetClient:CloseConnection(Int32) (at Assets/Scripts/Network/NetClient.cs:176)
Network.NetClient:ProcessRecv() (at Assets/Scripts/Network/NetClient.cs:350)
Network.NetClient:Update() (at Assets/Scripts/Network/NetClient.cs:430)

2022-08-16 17:49:55,624 [ 1] INFO  Unity: DoConnect
2022-08-16 17:49:55,625 [ 1] INFO  Unity: NetClient.DoConnect on 127.0.0.1:8000
2022-08-16 17:49:55,627 [ 1] INFO  Unity: Connect[0] to server 127.0.0.1:8000

2022-08-16 17:49:57,655 [ 1] WARN  Unity: CloseConnection(), errorCode: 1005
UnityEngine.Debug:LogWarning(Object)
Network.NetClient:CloseConnection(Int32) (at Assets/Scripts/Network/NetClient.cs:176)
Network.NetClient:DoConnect() (at Assets/Scripts/Network/NetClient.cs:270)
Network.NetClient:Connect(Int32) (at Assets/Scripts/Network/NetClient.cs:165)
Network.NetClient:KeepConnect() (at Assets/Scripts/Network/NetClient.cs:311)
Network.NetClient:Update() (at Assets/Scripts/Network/NetClient.cs:428)

2022-08-16 17:49:57,661 [ 1] ERROR Unity: DoConnect SocketException:[10061,ConnectionRefused,10061]System.Net.Sockets.SocketException: 由于目标计算机积极拒绝，无法连接。

  at System.Net.Sockets.Socket.Connect (System.Net.EndPoint remoteEP, Boolean requireSocketPolicy) [0x00000] in <filename unknown>:0 
  at System.Net.Sockets.Socket+Worker.Connect () [0x00000] in <filename unknown>:0  
UnityEngine.Debug:LogErrorFormat(String, Object[])
Network.NetClient:DoConnect() (at Assets/Scripts/Network/NetClient.cs:272)
Network.NetClient:Connect(Int32) (at Assets/Scripts/Network/NetClient.cs:165)
Network.NetClient:KeepConnect() (at Assets/Scripts/Network/NetClient.cs:311)
Network.NetClient:Update() (at Assets/Scripts/Network/NetClient.cs:428)

2022-08-16 17:49:57,730 [ 1] INFO  Unity: DoConnect
2022-08-16 17:49:57,731 [ 1] INFO  Unity: NetClient.DoConnect on 127.0.0.1:8000
2022-08-16 17:49:57,733 [ 1] INFO  Unity: Connect[1] to server 127.0.0.1:8000

2022-08-16 17:49:59,764 [ 1] WARN  Unity: CloseConnection(), errorCode: 1005
UnityEngine.Debug:LogWarning(Object)
Network.NetClient:CloseConnection(Int32) (at Assets/Scripts/Network/NetClient.cs:176)
Network.NetClient:DoConnect() (at Assets/Scripts/Network/NetClient.cs:270)
Network.NetClient:Connect(Int32) (at Assets/Scripts/Network/NetClient.cs:165)
Network.NetClient:KeepConnect() (at Assets/Scripts/Network/NetClient.cs:311)
Network.NetClient:Update() (at Assets/Scripts/Network/NetClient.cs:428)

2022-08-16 17:49:59,765 [ 1] ERROR Unity: DoConnect SocketException:[10061,ConnectionRefused,10061]System.Net.Sockets.SocketException: 由于目标计算机积极拒绝，无法连接。

  at System.Net.Sockets.Socket.Connect (System.Net.EndPoint remoteEP, Boolean requireSocketPolicy) [0x00000] in <filename unknown>:0 
  at System.Net.Sockets.Socket+Worker.Connect () [0x00000] in <filename unknown>:0  
UnityEngine.Debug:LogErrorFormat(String, Object[])
Network.NetClient:DoConnect() (at Assets/Scripts/Network/NetClient.cs:272)
Network.NetClient:Connect(Int32) (at Assets/Scripts/Network/NetClient.cs:165)
Network.NetClient:KeepConnect() (at Assets/Scripts/Network/NetClient.cs:311)
Network.NetClient:Update() (at Assets/Scripts/Network/NetClient.cs:428)

2022-08-16 17:49:59,822 [ 1] INFO  Unity: DoConnect
2022-08-16 17:49:59,823 [ 1] INFO  Unity: NetClient.DoConnect on 127.0.0.1:8000
2022-08-16 17:49:59,824 [ 1] INFO  Unity: Connect[2] to server 127.0.0.1:8000

2022-08-16 17:50:01,845 [ 1] WARN  Unity: CloseConnection(), errorCode: 1005
UnityEngine.Debug:LogWarning(Object)
Network.NetClient:CloseConnection(Int32) (at Assets/Scripts/Network/NetClient.cs:176)
Network.NetClient:DoConnect() (at Assets/Scripts/Network/NetClient.cs:270)
Network.NetClient:Connect(Int32) (at Assets/Scripts/Network/NetClient.cs:165)
Network.NetClient:KeepConnect() (at Assets/Scripts/Network/NetClient.cs:311)
Network.NetClient:Update() (at Assets/Scripts/Network/NetClient.cs:428)

2022-08-16 17:50:01,847 [ 1] ERROR Unity: DoConnect SocketException:[10061,ConnectionRefused,10061]System.Net.Sockets.SocketException: 由于目标计算机积极拒绝，无法连接。

  at System.Net.Sockets.Socket.Connect (System.Net.EndPoint remoteEP, Boolean requireSocketPolicy) [0x00000] in <filename unknown>:0 
  at System.Net.Sockets.Socket+Worker.Connect () [0x00000] in <filename unknown>:0  
UnityEngine.Debug:LogErrorFormat(String, Object[])
Network.NetClient:DoConnect() (at Assets/Scripts/Network/NetClient.cs:272)
Network.NetClient:Connect(Int32) (at Assets/Scripts/Network/NetClient.cs:165)
Network.NetClient:KeepConnect() (at Assets/Scripts/Network/NetClient.cs:311)
Network.NetClient:Update() (at Assets/Scripts/Network/NetClient.cs:428)

2022-08-16 17:50:01,847 [ 1] INFO  Unity: LoadingMesager::OnGameServerConnect :1 reason:Cannot connect to server
2022-08-16 17:50:03,873 [ 1] INFO  Unity: Character_2_234234 OnDestroy :ID2 POS:(4986, 4200, 820) DIR:(-15, 99, 0) SPD:0
2022-08-16 17:50:03,877 [ 1] INFO  Unity: OnDestroy NetworkManager.
2022-08-16 17:50:03,878 [ 1] WARN  Unity: CloseConnection(), errorCode: 1007
UnityEngine.Debug:LogWarning(Object)
Network.NetClient:CloseConnection(Int32) (at Assets/Scripts/Network/NetClient.cs:176)
Network.NetClient:OnDestroy() (at Assets/Scripts/Network/NetClient.cs:171)

